# JRE version: OpenJDK Runtime Environment (8.0_242-b01) (build 1.8.0_242-release-1644-b01)
# Java VM: OpenJDK 64-Bit Server VM (25.242-b01 mixed mode windows-amd64 compressed oops)
Heap:
 PSYoungGen      total 506368K, used 183075K [0x00000000d5580000, 0x00000000ff800000, 0x0000000100000000)
  eden space 387584K, 41% used [0x00000000d5580000,0x00000000df2a5758,0x00000000ed000000)
  from space 118784K, 18% used [0x00000000ed000000,0x00000000ee5a3770,0x00000000f4400000)
  to   space 115200K, 0% used [0x00000000f8780000,0x00000000f8780000,0x00000000ff800000)
 ParOldGen       total 268288K, used 222131K [0x0000000080000000, 0x0000000090600000, 0x00000000d5580000)
  object space 268288K, 82% used [0x0000000080000000,0x000000008d8ecc10,0x0000000090600000)
 Metaspace       used 124193K, capacity 133924K, committed 134168K, reserved 1165312K
  class space    used 15948K, capacity 17647K, committed 17712K, reserved 1048576K
GC Heap History (10 events):
Event: 24046.242 GC heap before
{Heap before GC invocations=54 (full 5):
 PSYoungGen      total 372224K, used 322819K [0x00000000d5580000, 0x00000000f1700000, 0x0000000100000000)
  eden space 287744K, 100% used [0x00000000d5580000,0x00000000e6e80000,0x00000000e6e80000)
  from space 84480K, 41% used [0x00000000ebd00000,0x00000000edf40fe8,0x00000000f0f80000)
  to   space 80384K, 0% used [0x00000000e6e80000,0x00000000e6e80000,0x00000000ebd00000)
 ParOldGen       total 268288K, used 122484K [0x0000000080000000, 0x0000000090600000, 0x00000000d5580000)
  object space 268288K, 45% used [0x0000000080000000,0x000000008779d2b0,0x0000000090600000)
 Metaspace       used 123941K, capacity 133608K, committed 133912K, reserved 1165312K
  class space    used 15944K, capacity 17643K, committed 17712K, reserved 1048576K
Event: 24046.464 GC heap after
Heap after GC invocations=54 (full 5):
 PSYoungGen      total 368128K, used 26477K [0x00000000d5580000, 0x00000000f3900000, 0x0000000100000000)
  eden space 287744K, 0% used [0x00000000d5580000,0x00000000d5580000,0x00000000e6e80000)
  from space 80384K, 32% used [0x00000000e6e80000,0x00000000e885b558,0x00000000ebd00000)
  to   space 76800K, 0% used [0x00000000eee00000,0x00000000eee00000,0x00000000f3900000)
 ParOldGen       total 268288K, used 128459K [0x0000000080000000, 0x0000000090600000, 0x00000000d5580000)
  object space 268288K, 47% used [0x0000000080000000,0x0000000087d72e38,0x0000000090600000)
 Metaspace       used 123941K, capacity 133608K, committed 133912K, reserved 1165312K
  class space    used 15944K, capacity 17643K, committed 17712K, reserved 1048576K
}
Event: 24048.047 GC heap before
{Heap before GC invocations=55 (full 5):
 PSYoungGen      total 368128K, used 314221K [0x00000000d5580000, 0x00000000f3900000, 0x0000000100000000)
  eden space 287744K, 100% used [0x00000000d5580000,0x00000000e6e80000,0x00000000e6e80000)
  from space 80384K, 32% used [0x00000000e6e80000,0x00000000e885b558,0x00000000ebd00000)
  to   space 76800K, 0% used [0x00000000eee00000,0x00000000eee00000,0x00000000f3900000)
 ParOldGen       total 268288K, used 128459K [0x0000000080000000, 0x0000000090600000, 0x00000000d5580000)
  object space 268288K, 47% used [0x0000000080000000,0x0000000087d72e38,0x0000000090600000)
 Metaspace       used 124032K, capacity 133772K, committed 133912K, reserved 1165312K
  class space    used 15945K, capacity 17645K, committed 17712K, reserved 1048576K
Event: 24048.299 GC heap after
Heap after GC invocations=55 (full 5):
 PSYoungGen      total 418304K, used 8667K [0x00000000d5580000, 0x00000000f3880000, 0x0000000100000000)
  eden space 342016K, 0% used [0x00000000d5580000,0x00000000d5580000,0x00000000ea380000)
  from space 76288K, 11% used [0x00000000eee00000,0x00000000ef676ce0,0x00000000f3880000)
  to   space 76288K, 0% used [0x00000000ea380000,0x00000000ea380000,0x00000000eee00000)
 ParOldGen       total 268288K, used 143693K [0x0000000080000000, 0x0000000090600000, 0x00000000d5580000)
  object space 268288K, 53% used [0x0000000080000000,0x0000000088c536d0,0x0000000090600000)
 Metaspace       used 124032K, capacity 133772K, committed 133912K, reserved 1165312K
  class space    used 15945K, capacity 17645K, committed 17712K, reserved 1048576K
}
Event: 24051.522 GC heap before
{Heap before GC invocations=56 (full 5):
 PSYoungGen      total 418304K, used 350683K [0x00000000d5580000, 0x00000000f3880000, 0x0000000100000000)
  eden space 342016K, 100% used [0x00000000d5580000,0x00000000ea380000,0x00000000ea380000)
  from space 76288K, 11% used [0x00000000eee00000,0x00000000ef676ce0,0x00000000f3880000)
  to   space 76288K, 0% used [0x00000000ea380000,0x00000000ea380000,0x00000000eee00000)
 ParOldGen       total 268288K, used 143693K [0x0000000080000000, 0x0000000090600000, 0x00000000d5580000)
  object space 268288K, 53% used [0x0000000080000000,0x0000000088c536d0,0x0000000090600000)
 Metaspace       used 124108K, capacity 133860K, committed 134168K, reserved 1165312K
  class space    used 15946K, capacity 17647K, committed 17712K, reserved 1048576K
Event: 24052.322 GC heap after
Heap after GC invocations=56 (full 5):
 PSYoungGen      total 418304K, used 76267K [0x00000000d5580000, 0x00000000fa480000, 0x0000000100000000)
  eden space 342016K, 0% used [0x00000000d5580000,0x00000000d5580000,0x00000000ea380000)
  from space 76288K, 99% used [0x00000000ea380000,0x00000000eedfae28,0x00000000eee00000)
  to   space 98816K, 0% used [0x00000000f4400000,0x00000000f4400000,0x00000000fa480000)
 ParOldGen       total 268288K, used 170167K [0x0000000080000000, 0x0000000090600000, 0x00000000d5580000)
  object space 268288K, 63% used [0x0000000080000000,0x000000008a62dd18,0x0000000090600000)
 Metaspace       used 124108K, capacity 133860K, committed 134168K, reserved 1165312K
  class space    used 15946K, capacity 17647K, committed 17712K, reserved 1048576K
}
Event: 24053.700 GC heap before
{Heap before GC invocations=57 (full 5):
 PSYoungGen      total 418304K, used 418283K [0x00000000d5580000, 0x00000000fa480000, 0x0000000100000000)
  eden space 342016K, 100% used [0x00000000d5580000,0x00000000ea380000,0x00000000ea380000)
  from space 76288K, 99% used [0x00000000ea380000,0x00000000eedfae28,0x00000000eee00000)
  to   space 98816K, 0% used [0x00000000f4400000,0x00000000f4400000,0x00000000fa480000)
 ParOldGen       total 268288K, used 170167K [0x0000000080000000, 0x0000000090600000, 0x00000000d5580000)
  object space 268288K, 63% used [0x0000000080000000,0x000000008a62dd18,0x0000000090600000)
 Metaspace       used 124120K, capacity 133860K, committed 134168K, reserved 1165312K
  class space    used 15946K, capacity 17647K, committed 17712K, reserved 1048576K
Event: 24054.016 GC heap after
Heap after GC invocations=57 (full 5):
 PSYoungGen      total 486400K, used 98788K [0x00000000d5580000, 0x00000000fcc00000, 0x0000000100000000)
  eden space 387584K, 0% used [0x00000000d5580000,0x00000000d5580000,0x00000000ed000000)
  from space 98816K, 99% used [0x00000000f4400000,0x00000000fa479218,0x00000000fa480000)
  to   space 118784K, 0% used [0x00000000ed000000,0x00000000ed000000,0x00000000f4400000)
 ParOldGen       total 268288K, used 179199K [0x0000000080000000, 0x0000000090600000, 0x00000000d5580000)
  object space 268288K, 66% used [0x0000000080000000,0x000000008aeffeb8,0x0000000090600000)
 Metaspace       used 124120K, capacity 133860K, committed 134168K, reserved 1165312K
  class space    used 15946K, capacity 17647K, committed 17712K, reserved 1048576K
}
Event: 24293.496 GC heap before
{Heap before GC invocations=58 (full 5):
 PSYoungGen      total 486400K, used 486372K [0x00000000d5580000, 0x00000000fcc00000, 0x0000000100000000)
  eden space 387584K, 100% used [0x00000000d5580000,0x00000000ed000000,0x00000000ed000000)
  from space 98816K, 99% used [0x00000000f4400000,0x00000000fa479218,0x00000000fa480000)
  to   space 118784K, 0% used [0x00000000ed000000,0x00000000ed000000,0x00000000f4400000)
 ParOldGen       total 268288K, used 179199K [0x0000000080000000, 0x0000000090600000, 0x00000000d5580000)
  object space 268288K, 66% used [0x0000000080000000,0x000000008aeffeb8,0x0000000090600000)
 Metaspace       used 124171K, capacity 133924K, committed 134168K, reserved 1165312K
  class space    used 15948K, capacity 17647K, committed 17712K, reserved 1048576K
Event: 24296.167 GC heap after
Heap after GC invocations=58 (full 5):
 PSYoungGen      total 506368K, used 22157K [0x00000000d5580000, 0x00000000ff800000, 0x0000000100000000)
  eden space 387584K, 0% used [0x00000000d5580000,0x00000000d5580000,0x00000000ed000000)
  from space 118784K, 18% used [0x00000000ed000000,0x00000000ee5a3770,0x00000000f4400000)
  to   space 115200K, 0% used [0x00000000f8780000,0x00000000f8780000,0x00000000ff800000)
 ParOldGen       total 268288K, used 222131K [0x0000000080000000, 0x0000000090600000, 0x00000000d5580000)
  object space 268288K, 82% used [0x0000000080000000,0x000000008d8ecc10,0x0000000090600000)
 Metaspace       used 124171K, capacity 133924K, committed 134168K, reserved 1165312K
  class space    used 15948K, capacity 17647K, committed 17712K, reserved 1048576K
}

