# JRE version: OpenJDK Runtime Environment (8.0_242-b01) (build 1.8.0_242-release-1644-b01)
# Java VM: OpenJDK 64-Bit Server VM (25.242-b01 mixed mode windows-amd64 compressed oops)
Heap:
 PSYoungGen      total 633856K, used 555421K [0x00000000d5580000, 0x0000000100000000, 0x0000000100000000)
  eden space 568832K, 97% used [0x00000000d5580000,0x00000000f73e7468,0x00000000f8100000)
  from space 65024K, 0% used [0x00000000f8100000,0x00000000f8100000,0x00000000fc080000)
  to   space 65024K, 0% used [0x00000000fc080000,0x00000000fc080000,0x0000000100000000)
 ParOldGen       total 374272K, used 125785K [0x0000000080000000, 0x0000000096d80000, 0x00000000d5580000)
  object space 374272K, 33% used [0x0000000080000000,0x0000000087ad66a8,0x0000000096d80000)
 Metaspace       used 117190K, capacity 123745K, committed 123852K, reserved 1157120K
  class space    used 15088K, capacity 16325K, committed 16384K, reserved 1048576K
GC Heap History (10 events):
Event: 974.716 GC heap before
{Heap before GC invocations=52 (full 5):
 PSYoungGen      total 659968K, used 656220K [0x00000000d5580000, 0x0000000100000000, 0x0000000100000000)
  eden space 628224K, 100% used [0x00000000d5580000,0x00000000fbb00000,0x00000000fbb00000)
  from space 31744K, 88% used [0x00000000fe100000,0x00000000ffc57158,0x0000000100000000)
  to   space 35328K, 0% used [0x00000000fbb00000,0x00000000fbb00000,0x00000000fdd80000)
 ParOldGen       total 291840K, used 202047K [0x0000000080000000, 0x0000000091d00000, 0x00000000d5580000)
  object space 291840K, 69% used [0x0000000080000000,0x000000008c54fc28,0x0000000091d00000)
 Metaspace       used 114836K, capacity 120881K, committed 120908K, reserved 1155072K
  class space    used 14807K, capacity 15985K, committed 16000K, reserved 1048576K
Event: 974.812 GC heap after
Heap after GC invocations=52 (full 5):
 PSYoungGen      total 663552K, used 19881K [0x00000000d5580000, 0x0000000100000000, 0x0000000100000000)
  eden space 628224K, 0% used [0x00000000d5580000,0x00000000d5580000,0x00000000fbb00000)
  from space 35328K, 56% used [0x00000000fbb00000,0x00000000fce6a6e8,0x00000000fdd80000)
  to   space 34816K, 0% used [0x00000000fde00000,0x00000000fde00000,0x0000000100000000)
 ParOldGen       total 291840K, used 212772K [0x0000000080000000, 0x0000000091d00000, 0x00000000d5580000)
  object space 291840K, 72% used [0x0000000080000000,0x000000008cfc91c8,0x0000000091d00000)
 Metaspace       used 114836K, capacity 120881K, committed 120908K, reserved 1155072K
  class space    used 14807K, capacity 15985K, committed 16000K, reserved 1048576K
}
Event: 983.583 GC heap before
{Heap before GC invocations=53 (full 5):
 PSYoungGen      total 663552K, used 648105K [0x00000000d5580000, 0x0000000100000000, 0x0000000100000000)
  eden space 628224K, 100% used [0x00000000d5580000,0x00000000fbb00000,0x00000000fbb00000)
  from space 35328K, 56% used [0x00000000fbb00000,0x00000000fce6a6e8,0x00000000fdd80000)
  to   space 34816K, 0% used [0x00000000fde00000,0x00000000fde00000,0x0000000100000000)
 ParOldGen       total 291840K, used 212772K [0x0000000080000000, 0x0000000091d00000, 0x00000000d5580000)
  object space 291840K, 72% used [0x0000000080000000,0x000000008cfc91c8,0x0000000091d00000)
 Metaspace       used 116016K, capacity 122385K, committed 122700K, reserved 1155072K
  class space    used 14972K, capacity 16173K, committed 16256K, reserved 1048576K
Event: 984.037 GC heap after
Heap after GC invocations=53 (full 5):
 PSYoungGen      total 603648K, used 34805K [0x00000000d5580000, 0x0000000100000000, 0x0000000100000000)
  eden space 568832K, 0% used [0x00000000d5580000,0x00000000d5580000,0x00000000f8100000)
  from space 34816K, 99% used [0x00000000fde00000,0x00000000ffffd4a0,0x0000000100000000)
  to   space 65024K, 0% used [0x00000000f8100000,0x00000000f8100000,0x00000000fc080000)
 ParOldGen       total 291840K, used 280279K [0x0000000080000000, 0x0000000091d00000, 0x00000000d5580000)
  object space 291840K, 96% used [0x0000000080000000,0x00000000911b5e18,0x0000000091d00000)
 Metaspace       used 116016K, capacity 122385K, committed 122700K, reserved 1155072K
  class space    used 14972K, capacity 16173K, committed 16256K, reserved 1048576K
}
Event: 984.062 GC heap before
{Heap before GC invocations=54 (full 6):
 PSYoungGen      total 603648K, used 34805K [0x00000000d5580000, 0x0000000100000000, 0x0000000100000000)
  eden space 568832K, 0% used [0x00000000d5580000,0x00000000d5580000,0x00000000f8100000)
  from space 34816K, 99% used [0x00000000fde00000,0x00000000ffffd4a0,0x0000000100000000)
  to   space 65024K, 0% used [0x00000000f8100000,0x00000000f8100000,0x00000000fc080000)
 ParOldGen       total 291840K, used 280279K [0x0000000080000000, 0x0000000091d00000, 0x00000000d5580000)
  object space 291840K, 96% used [0x0000000080000000,0x00000000911b5e18,0x0000000091d00000)
 Metaspace       used 116016K, capacity 122385K, committed 122700K, reserved 1155072K
  class space    used 14972K, capacity 16173K, committed 16256K, reserved 1048576K
Event: 989.874 GC heap after
Heap after GC invocations=54 (full 6):
 PSYoungGen      total 603648K, used 0K [0x00000000d5580000, 0x0000000100000000, 0x0000000100000000)
  eden space 568832K, 0% used [0x00000000d5580000,0x00000000d5580000,0x00000000f8100000)
  from space 34816K, 0% used [0x00000000fde00000,0x00000000fde00000,0x0000000100000000)
  to   space 65024K, 0% used [0x00000000f8100000,0x00000000f8100000,0x00000000fc080000)
 ParOldGen       total 291840K, used 177538K [0x0000000080000000, 0x0000000091d00000, 0x00000000d5580000)
  object space 291840K, 60% used [0x0000000080000000,0x000000008ad60a98,0x0000000091d00000)
 Metaspace       used 115894K, capacity 122031K, committed 122700K, reserved 1155072K
  class space    used 14933K, capacity 16104K, committed 16256K, reserved 1048576K
}
Event: 995.759 GC heap before
{Heap before GC invocations=55 (full 6):
 PSYoungGen      total 603648K, used 568594K [0x00000000d5580000, 0x0000000100000000, 0x0000000100000000)
  eden space 568832K, 99% used [0x00000000d5580000,0x00000000f80c4a10,0x00000000f8100000)
  from space 34816K, 0% used [0x00000000fde00000,0x00000000fde00000,0x0000000100000000)
  to   space 65024K, 0% used [0x00000000f8100000,0x00000000f8100000,0x00000000fc080000)
 ParOldGen       total 291840K, used 177538K [0x0000000080000000, 0x0000000091d00000, 0x00000000d5580000)
  object space 291840K, 60% used [0x0000000080000000,0x000000008ad60a98,0x0000000091d00000)
 Metaspace       used 117188K, capacity 123803K, committed 123852K, reserved 1157120K
  class space    used 15092K, capacity 16336K, committed 16384K, reserved 1048576K
Event: 996.036 GC heap after
Heap after GC invocations=55 (full 6):
 PSYoungGen      total 633856K, used 64993K [0x00000000d5580000, 0x0000000100000000, 0x0000000100000000)
  eden space 568832K, 0% used [0x00000000d5580000,0x00000000d5580000,0x00000000f8100000)
  from space 65024K, 99% used [0x00000000f8100000,0x00000000fc078538,0x00000000fc080000)
  to   space 65024K, 0% used [0x00000000fc080000,0x00000000fc080000,0x0000000100000000)
 ParOldGen       total 291840K, used 240373K [0x0000000080000000, 0x0000000091d00000, 0x00000000d5580000)
  object space 291840K, 82% used [0x0000000080000000,0x000000008eabd7e0,0x0000000091d00000)
 Metaspace       used 117188K, capacity 123803K, committed 123852K, reserved 1157120K
  class space    used 15092K, capacity 16336K, committed 16384K, reserved 1048576K
}
Event: 996.036 GC heap before
{Heap before GC invocations=56 (full 7):
 PSYoungGen      total 633856K, used 64993K [0x00000000d5580000, 0x0000000100000000, 0x0000000100000000)
  eden space 568832K, 0% used [0x00000000d5580000,0x00000000d5580000,0x00000000f8100000)
  from space 65024K, 99% used [0x00000000f8100000,0x00000000fc078538,0x00000000fc080000)
  to   space 65024K, 0% used [0x00000000fc080000,0x00000000fc080000,0x0000000100000000)
 ParOldGen       total 291840K, used 240373K [0x0000000080000000, 0x0000000091d00000, 0x00000000d5580000)
  object space 291840K, 82% used [0x0000000080000000,0x000000008eabd7e0,0x0000000091d00000)
 Metaspace       used 117188K, capacity 123803K, committed 123852K, reserved 1157120K
  class space    used 15092K, capacity 16336K, committed 16384K, reserved 1048576K
Event: 997.509 GC heap after
Heap after GC invocations=56 (full 7):
 PSYoungGen      total 633856K, used 0K [0x00000000d5580000, 0x0000000100000000, 0x0000000100000000)
  eden space 568832K, 0% used [0x00000000d5580000,0x00000000d5580000,0x00000000f8100000)
  from space 65024K, 0% used [0x00000000f8100000,0x00000000f8100000,0x00000000fc080000)
  to   space 65024K, 0% used [0x00000000fc080000,0x00000000fc080000,0x0000000100000000)
 ParOldGen       total 374272K, used 125785K [0x0000000080000000, 0x0000000096d80000, 0x00000000d5580000)
  object space 374272K, 33% used [0x0000000080000000,0x0000000087ad66a8,0x0000000096d80000)
 Metaspace       used 117167K, capacity 123743K, committed 123852K, reserved 1157120K
  class space    used 15085K, capacity 16324K, committed 16384K, reserved 1048576K
}

