# JRE version: OpenJDK Runtime Environment (8.0_242-b01) (build 1.8.0_242-release-1644-b01)
# Java VM: OpenJDK 64-Bit Server VM (25.242-b01 mixed mode windows-amd64 compressed oops)
Heap:
 PSYoungGen      total 529408K, used 239447K [0x00000000d5580000, 0x00000000fc780000, 0x0000000100000000)
  eden space 475136K, 38% used [0x00000000d5580000,0x00000000e0a59880,0x00000000f2580000)
  from space 54272K, 99% used [0x00000000f7380000,0x00000000fa87c690,0x00000000fa880000)
  to   space 79872K, 0% used [0x00000000f2580000,0x00000000f2580000,0x00000000f7380000)
 ParOldGen       total 221184K, used 172239K [0x0000000080000000, 0x000000008d800000, 0x00000000d5580000)
  object space 221184K, 77% used [0x0000000080000000,0x000000008a833f20,0x000000008d800000)
 Metaspace       used 85943K, capacity 90484K, committed 90648K, reserved 1128448K
  class space    used 11436K, capacity 12280K, committed 12336K, reserved 1048576K
GC Heap History (10 events):
Event: 44.223 GC heap before
{Heap before GC invocations=20 (full 3):
 PSYoungGen      total 314368K, used 310265K [0x00000000d5580000, 0x00000000ea180000, 0x0000000100000000)
  eden space 292864K, 100% used [0x00000000d5580000,0x00000000e7380000,0x00000000e7380000)
  from space 21504K, 80% used [0x00000000e8c00000,0x00000000e9cfe4e8,0x00000000ea100000)
  to   space 23552K, 0% used [0x00000000e7380000,0x00000000e7380000,0x00000000e8a80000)
 ParOldGen       total 86528K, used 44972K [0x0000000080000000, 0x0000000085480000, 0x00000000d5580000)
  object space 86528K, 51% used [0x0000000080000000,0x0000000082beb150,0x0000000085480000)
 Metaspace       used 78405K, capacity 82468K, committed 82712K, reserved 1120256K
  class space    used 10761K, capacity 11538K, committed 11568K, reserved 1048576K
Event: 44.265 GC heap after
Heap after GC invocations=20 (full 3):
 PSYoungGen      total 316416K, used 17845K [0x00000000d5580000, 0x00000000f0300000, 0x0000000100000000)
  eden space 292864K, 0% used [0x00000000d5580000,0x00000000d5580000,0x00000000e7380000)
  from space 23552K, 75% used [0x00000000e7380000,0x00000000e84ed600,0x00000000e8a80000)
  to   space 25088K, 0% used [0x00000000eea80000,0x00000000eea80000,0x00000000f0300000)
 ParOldGen       total 86528K, used 52638K [0x0000000080000000, 0x0000000085480000, 0x00000000d5580000)
  object space 86528K, 60% used [0x0000000080000000,0x0000000083367960,0x0000000085480000)
 Metaspace       used 78405K, capacity 82468K, committed 82712K, reserved 1120256K
  class space    used 10761K, capacity 11538K, committed 11568K, reserved 1048576K
}
Event: 46.409 GC heap before
{Heap before GC invocations=21 (full 3):
 PSYoungGen      total 316416K, used 310709K [0x00000000d5580000, 0x00000000f0300000, 0x0000000100000000)
  eden space 292864K, 100% used [0x00000000d5580000,0x00000000e7380000,0x00000000e7380000)
  from space 23552K, 75% used [0x00000000e7380000,0x00000000e84ed600,0x00000000e8a80000)
  to   space 25088K, 0% used [0x00000000eea80000,0x00000000eea80000,0x00000000f0300000)
 ParOldGen       total 86528K, used 52638K [0x0000000080000000, 0x0000000085480000, 0x00000000d5580000)
  object space 86528K, 60% used [0x0000000080000000,0x0000000083367960,0x0000000085480000)
 Metaspace       used 78825K, capacity 82896K, committed 82968K, reserved 1120256K
  class space    used 10771K, capacity 11538K, committed 11568K, reserved 1048576K
Event: 46.428 GC heap after
Heap after GC invocations=21 (full 3):
 PSYoungGen      total 405504K, used 1536K [0x00000000d5580000, 0x00000000efe80000, 0x0000000100000000)
  eden space 385024K, 0% used [0x00000000d5580000,0x00000000d5580000,0x00000000ecd80000)
  from space 20480K, 7% used [0x00000000eea80000,0x00000000eec00000,0x00000000efe80000)
  to   space 25088K, 0% used [0x00000000ecd80000,0x00000000ecd80000,0x00000000ee600000)
 ParOldGen       total 86528K, used 63296K [0x0000000080000000, 0x0000000085480000, 0x00000000d5580000)
  object space 86528K, 73% used [0x0000000080000000,0x0000000083dd02d8,0x0000000085480000)
 Metaspace       used 78825K, capacity 82896K, committed 82968K, reserved 1120256K
  class space    used 10771K, capacity 11538K, committed 11568K, reserved 1048576K
}
Event: 54.472 GC heap before
{Heap before GC invocations=22 (full 3):
 PSYoungGen      total 405504K, used 386560K [0x00000000d5580000, 0x00000000efe80000, 0x0000000100000000)
  eden space 385024K, 100% used [0x00000000d5580000,0x00000000ecd80000,0x00000000ecd80000)
  from space 20480K, 7% used [0x00000000eea80000,0x00000000eec00000,0x00000000efe80000)
  to   space 25088K, 0% used [0x00000000ecd80000,0x00000000ecd80000,0x00000000ee600000)
 ParOldGen       total 86528K, used 63296K [0x0000000080000000, 0x0000000085480000, 0x00000000d5580000)
  object space 86528K, 73% used [0x0000000080000000,0x0000000083dd02d8,0x0000000085480000)
 Metaspace       used 81601K, capacity 86202K, committed 86424K, reserved 1124352K
  class space    used 11085K, capacity 11899K, committed 11952K, reserved 1048576K
Event: 54.599 GC heap after
Heap after GC invocations=22 (full 3):
 PSYoungGen      total 410112K, used 25068K [0x00000000d5580000, 0x00000000fa880000, 0x0000000100000000)
  eden space 385024K, 0% used [0x00000000d5580000,0x00000000d5580000,0x00000000ecd80000)
  from space 25088K, 99% used [0x00000000ecd80000,0x00000000ee5fb380,0x00000000ee600000)
  to   space 54272K, 0% used [0x00000000f7380000,0x00000000f7380000,0x00000000fa880000)
 ParOldGen       total 130560K, used 130425K [0x0000000080000000, 0x0000000087f80000, 0x00000000d5580000)
  object space 130560K, 99% used [0x0000000080000000,0x0000000087f5e520,0x0000000087f80000)
 Metaspace       used 81601K, capacity 86202K, committed 86424K, reserved 1124352K
  class space    used 11085K, capacity 11899K, committed 11952K, reserved 1048576K
}
Event: 54.599 GC heap before
{Heap before GC invocations=23 (full 4):
 PSYoungGen      total 410112K, used 25068K [0x00000000d5580000, 0x00000000fa880000, 0x0000000100000000)
  eden space 385024K, 0% used [0x00000000d5580000,0x00000000d5580000,0x00000000ecd80000)
  from space 25088K, 99% used [0x00000000ecd80000,0x00000000ee5fb380,0x00000000ee600000)
  to   space 54272K, 0% used [0x00000000f7380000,0x00000000f7380000,0x00000000fa880000)
 ParOldGen       total 130560K, used 130425K [0x0000000080000000, 0x0000000087f80000, 0x00000000d5580000)
  object space 130560K, 99% used [0x0000000080000000,0x0000000087f5e520,0x0000000087f80000)
 Metaspace       used 81601K, capacity 86202K, committed 86424K, reserved 1124352K
  class space    used 11085K, capacity 11899K, committed 11952K, reserved 1048576K
Event: 56.026 GC heap after
Heap after GC invocations=23 (full 4):
 PSYoungGen      total 410112K, used 19875K [0x00000000d5580000, 0x00000000fa880000, 0x0000000100000000)
  eden space 385024K, 0% used [0x00000000d5580000,0x00000000d5580000,0x00000000ecd80000)
  from space 25088K, 79% used [0x00000000ecd80000,0x00000000ee0e8e30,0x00000000ee600000)
  to   space 54272K, 0% used [0x00000000f7380000,0x00000000f7380000,0x00000000fa880000)
 ParOldGen       total 221184K, used 130192K [0x0000000080000000, 0x000000008d800000, 0x00000000d5580000)
  object space 221184K, 58% used [0x0000000080000000,0x0000000087f240f8,0x000000008d800000)
 Metaspace       used 81448K, capacity 85762K, committed 86424K, reserved 1124352K
  class space    used 11040K, capacity 11817K, committed 11952K, reserved 1048576K
}
Event: 58.927 GC heap before
{Heap before GC invocations=24 (full 4):
 PSYoungGen      total 410112K, used 404899K [0x00000000d5580000, 0x00000000fa880000, 0x0000000100000000)
  eden space 385024K, 100% used [0x00000000d5580000,0x00000000ecd80000,0x00000000ecd80000)
  from space 25088K, 79% used [0x00000000ecd80000,0x00000000ee0e8e30,0x00000000ee600000)
  to   space 54272K, 0% used [0x00000000f7380000,0x00000000f7380000,0x00000000fa880000)
 ParOldGen       total 221184K, used 130192K [0x0000000080000000, 0x000000008d800000, 0x00000000d5580000)
  object space 221184K, 58% used [0x0000000080000000,0x0000000087f240f8,0x000000008d800000)
 Metaspace       used 81569K, capacity 85890K, committed 86424K, reserved 1124352K
  class space    used 11041K, capacity 11817K, committed 11952K, reserved 1048576K
Event: 59.052 GC heap after
Heap after GC invocations=24 (full 4):
 PSYoungGen      total 529408K, used 54257K [0x00000000d5580000, 0x00000000fc780000, 0x0000000100000000)
  eden space 475136K, 0% used [0x00000000d5580000,0x00000000d5580000,0x00000000f2580000)
  from space 54272K, 99% used [0x00000000f7380000,0x00000000fa87c690,0x00000000fa880000)
  to   space 79872K, 0% used [0x00000000f2580000,0x00000000f2580000,0x00000000f7380000)
 ParOldGen       total 221184K, used 172239K [0x0000000080000000, 0x000000008d800000, 0x00000000d5580000)
  object space 221184K, 77% used [0x0000000080000000,0x000000008a833f20,0x000000008d800000)
 Metaspace       used 81569K, capacity 85890K, committed 86424K, reserved 1124352K
  class space    used 11041K, capacity 11817K, committed 11952K, reserved 1048576K
}

